Analysis initiated from SIMULIA established products
Abaqus JOB Job-1
Abaqus 2024
Successfully checked out SRU/15 from DSLS server swlic3.stanford.edu
Abaqus License Manager checked out the following licenses:
Abaqus checked out 15 tokens from DSLS server swlic3.stanford.edu.
<1179 out of 1320 licenses remain available>.
Begin Analysis Input File Processor
4/14/2026 9:53:49 PM
Run pre.exe
4/14/2026 9:53:52 PM
End Analysis Input File Processor
Begin Abaqus/Standard Analysis
4/14/2026 9:53:52 PM
Run standard.exe
4/14/2026 9:54:50 PM
End Abaqus/Standard Analysis
Begin SIM Wrap-up
4/14/2026 9:54:51 PM
Run SMASimUtility.exe
4/14/2026 9:54:51 PM
End SIM Wrap-up
Abaqus JOB Job-1 COMPLETED
